

Programme: 'F:\Documents\Qt-workspace\KeyLy\KeyLy\bin\Debug\KeyL.exe '
[LMOUSE][LMOUSE]

Programme: AUCUNE FENETRE ACTIVE


Programme: 'Snipping Tool'
[LMOUSE]

Programme: AUCUNE FENETRE ACTIVE


Programme: 'Settings - Google Chrome'
[LMOUSE]

Programme: 'New Tab - Google Chrome'
[LMOUSE]

Programme: 'Snipping Tool'


Programme: AUCUNE FENETRE ACTIVE


Programme: 'Sanix-Darker/KeyLy: A powerfull and awesome Keylogger(Your keyboard and your mouse) realy helpfull for hackers! :-P (C/C++) - Google Chrome'
[LMOUSE]

Programme: 'New Tab - Google Chrome'
[LMOUSE]FACE[RETURN][LMOUSE]

Programme: 'Facebook - Log In or Sign Up - Google Chrome'
SAA[BACKSPACE]NIX[SHIFT]2GMAIL.COM[TAB]MOTDEPASSE[LMOUSE][LMOUSE][LMOUSE]

Programme: 'Sanix-Darker/KeyLy: A powerfull and awesome Keylogger(Your keyboard and your mouse) realy helpfull for hackers! :-P (C/C++) - Google Chrome'
[LMOUSE]

Programme: 'Snipping Tool'


Programme: AUCUNE FENETRE ACTIVE


Programme: 'F:\Documents\Qt-workspace\KeyLy\KeyLy\bin\Debug\KeyL.exe '
[LMOUSE][LMOUSE][LMOUSE][LMOUSE][LMOUSE]

Programme: AUCUNE FENETRE ACTIVE


Programme: 'New Tab - Google Chrome'
FACEBOOK.COM[RETURN]

Programme: 'https://www.facebook.com - Google Chrome'
[LMOUSE]

Programme: 'Facebook - Google Chrome'
[LMOUSE]

Programme: 'Sanix-Darker (S@n1X_D) - Google Chrome'
[LMOUSE]

Programme: 'F:\Documents\Qt-workspace\KeyLy\KeyLy\bin\Debug\KeyL.exe '


Programme: AUCUNE FENETRE ACTIVE


Programme: 'Snipping Tool'
[LMOUSE]

Programme: 'F:\Documents\Qt-workspace\KeyLy\KeyLy\bin\Debug\KeyL.exe '


Programme: 'Snipping Tool'


Programme: AUCUNE FENETRE ACTIVE


Programme: 'F:\Documents\Qt-workspace\KeyLy\KeyLy\bin\Debug\KeyL.exe '


Programme: AUCUNE FENETRE ACTIVE


Programme: 'Snipping Tool'


Programme: AUCUNE FENETRE ACTIVE
[LMOUSE]

Programme: 'Snipping Tool'


Programme: 'F:\Documents\Qt-workspace\KeyLy\KeyLy\bin\Debug\KeyL.exe '


Programme: 'Snipping Tool'
[LMOUSE]

Programme: 'Save As'
[LMOUSE][LMOUSE]1[LMOUSE]

Programme: 'Confirm Save As'
[LMOUSE]

Programme: 'Save As'


Programme: 'Snipping Tool'


Programme: AUCUNE FENETRE ACTIVE


Programme: 'Telegram (6)'
[LMOUSE]

Programme: 'Snipping Tool'
[LMOUSE]

Programme: 'F:\Documents\Qt-workspace\KeyLy\KeyLy\bin\Debug\KeyL.exe '
[LMOUSE]

Programme: 'main.cpp [KeyL] - Code::Blocks 16.01'


Programme: AUCUNE FENETRE ACTIVE


Programme: 'KeyLy'
[LMOUSE][LMOUSE][LMOUSE][LMOUSE]

Programme: 'bin'
[LMOUSE][LMOUSE]

Programme: 'Debug'
[LMOUSE][LMOUSE]

Programme: AUCUNE FENETRE ACTIVE


Programme: 'Snipping Tool'
[LMOUSE][LMOUSE]

Programme: AUCUNE FENETRE ACTIVE


Programme: 'Snipping Tool'


Programme: AUCUNE FENETRE ACTIVE


Programme: 'Debug'


Programme: AUCUNE FENETRE ACTIVE


Programme: 'Debug'


Programme: AUCUNE FENETRE ACTIVE


Programme: 'Snipping Tool'


Programme: AUCUNE FENETRE ACTIVE
[LMOUSE][RMOUSE]

Programme: 'Snipping Tool'


Programme: AUCUNE FENETRE ACTIVE


Programme: 'Snipping Tool'


Programme: AUCUNE FENETRE ACTIVE


Programme: 'Snipping Tool'
[LMOUSE][LMOUSE]

Programme: 'Debug'


Programme: 'Snipping Tool'


Programme: AUCUNE FENETRE ACTIVE


Programme: 'Snipping Tool'


Programme: AUCUNE FENETRE ACTIVE
[LMOUSE]

Programme: 'Snipping Tool'


Programme: 'Debug'


Programme: 'Snipping Tool'
[LMOUSE]

Programme: AUCUNE FENETRE ACTIVE


Programme: 'Debug'
[LMOUSE]

Programme: 'Untitled - Notepad'


Programme: '2018-01-17_00-46-46.log - Notepad'


Programme: AUCUNE FENETRE ACTIVE


Programme: 'Debug'


Programme: '2018-01-17_00-46-46.log - Notepad'
[LMOUSE]

Programme: 'Snipping Tool'
[LMOUSE]

Programme: 'Save As'
[LMOUSE][LMOUSE]2[LMOUSE]

Programme: 'Confirm Save As'
[LMOUSE]

Programme: 'Save As'


Programme: 'Snipping Tool'


Programme: '2018-01-17_00-46-46.log - Notepad'
[LMOUSE][LMOUSE][LMOUSE][LMOUSE][LMOUSE][LMOUSE]

Programme: AUCUNE FENETRE ACTIVE


Programme: 'Snipping Tool'
[LMOUSE]

Programme: AUCUNE FENETRE ACTIVE


Programme: 'Snipping Tool'


Programme: '2018-01-17_00-46-46.log - Notepad'


Programme: AUCUNE FENETRE ACTIVE


Programme: 'Snipping Tool'


Programme: AUCUNE FENETRE ACTIVE


Programme: 'Snipping Tool'


Programme: AUCUNE FENETRE ACTIVE
[LMOUSE]

Programme: 'Snipping Tool'


Programme: AUCUNE FENETRE ACTIVE


Programme: 'Snipping Tool'
[LMOUSE]

Programme: 'Save As'
[LMOUSE]4[LMOUSE]

Programme: 'Confirm Save As'
[LMOUSE]

Programme: 'Save As'


Programme: 'Snipping Tool'
[LMOUSE]

Programme: '2018-01-17_00-46-46.log - Notepad'


Programme: AUCUNE FENETRE ACTIVE


Programme: 'Telegram (6)'
[LMOUSE][SHIFT]BON [BACKSPACE], IL Y[AE]A PAS GRAND MONDE EN LIGNE ET C[AE]EST UN PUE[BACKSPACE][BACKSPACE]EU NORMAL SAUF QUE LES [BACKSPACE][BACKSPACE][BACKSPACE][AE]EQUIPE [SHIFT]GENESIS DORT JMASI[BACKSPACE][BACKSPACE][BACKSPACE][BACKSPACE]AMAIS[LMOUSE][LMOUSE][LMOUSE][LMOUSE][LMOUSE][LMOUSE][LMOUSE][LMOUSE][LMOUSE][LMOUSE][LMOUSE][LMOUSE][LMOUSE][LMOUSE][LMOUSE][LMOUSE][LMOUSE][LMOUSE][LMOUSE][LMOUSE][LMOUSE][LMOUSE][LMOUSE][LMOUSE][LMOUSE][LMOUSE][LMOUSE][LMOUSE][LMOUSE][LMOUSE][LMOUSE][LMOUSE][LMOUSE][LMOUSE][LMOUSE][LMOUSE][LMOUSE][LMOUSE][LMOUSE][LMOUSE][LMOUSE][LMOUSE][LMOUSE][LMOUSE][LMOUSE][LMOUSE][LMOUSE][LMOUSE][LMOUSE][LMOUSE][LMOUSE][LMOUSE][LMOUSE][LMOUSE][LMOUSE][LMOUSE][LMOUSE][LMOUSE][LMOUSE][LMOUSE][LMOUSE][LMOUSE][SHIFT]1111[RETURN][SHIFT]J[AE]AI CREER UN KEYLOGGER IL Y[AE]A QUELQUES TEMPS QUI PERMETTAIS DE [ARROW LEFT][ARROW LEFT][ARROW LEFT][ARROW LEFT][BACKSPACE]T[ARROW RIGHT][ARROW RIGHT][ARROW RIGHT][BACKSPACE][AE]ESPIONNER L[AE]ORDINATEUR D[AE]UNE PERSONNE ET DE RECEUILLIR LES INFORMATIONS DE SON CLAVIER, SA SOURIS ET TOUS LES PROGRAMMES QU[AE]IL OUVRE, CE [BACKSPACE][BACKSPACE][BACKSPACE]MON BB S[AE]APPELLE 

Programme: AUCUNE FENETRE ACTIVE


Programme: 'main.cpp [KeyL] - Code::Blocks 16.01'
[LMOUSE][LMOUSE][ARROW DOWN][LMOUSE][BACKSPACE]

Programme: '*main.cpp [KeyL] - Code::Blocks 16.01'
[LMOUSE][BACKSPACE][STRG]S

Programme: 'main.cpp [KeyL] - Code::Blocks 16.01'
[LMOUSE][BACKSPACE]

Programme: '*main.cpp [KeyL] - Code::Blocks 16.01'
[STRG]S

Programme: 'main.cpp [KeyL] - Code::Blocks 16.01'
[LMOUSE][LMOUSE]

Programme: 'functions.cpp [KeyL] - Code::Blocks 16.01'
[LMOUSE][LMOUSE][LMOUSE][BACKSPACE]

Programme: '*functions.cpp [KeyL] - Code::Blocks 16.01'
[ARROW UP][ARROW UP][ARROW UP][BACKSPACE][STRG]S

Programme: 'functions.cpp [KeyL] - Code::Blocks 16.01'
[LMOUSE][BACKSPACE]

Programme: '*functions.cpp [KeyL] - Code::Blocks 16.01'
[ARROW UP][ARROW UP][BACKSPACE][LMOUSE][BACKSPACE][STRG]S

Programme: 'functions.cpp [KeyL] - Code::Blocks 16.01'
[LMOUSE][DEL]

Programme: '*functions.cpp [KeyL] - Code::Blocks 16.01'
[LMOUSE][STRG]S

Programme: 'functions.cpp [KeyL] - Code::Blocks 16.01'
[LMOUSE]

Programme: 'main.cpp [KeyL] - Code::Blocks 16.01'
[LMOUSE][LMOUSE][LMOUSE][LMOUSE][BACKSPACE]

Programme: '*main.cpp [KeyL] - Code::Blocks 16.01'
[LMOUSE][BACKSPACE][STRG]S

Programme: 'main.cpp [KeyL] - Code::Blocks 16.01'
[LMOUSE][BACKSPACE]

Programme: '*main.cpp [KeyL] - Code::Blocks 16.01'
[BACKSPACE][ARROW UP][ARROW UP][ARROW UP][ARROW UP][DEL][ARROW DOWN][ARROW DOWN][ARROW DOWN][ARROW DOWN][ARROW DOWN][BACKSPACE][STRG]S

Programme: 'main.cpp [KeyL] - Code::Blocks 16.01'
[LMOUSE][LMOUSE][LMOUSE][LMOUSE]

Programme: 'config.h [KeyL] - Code::Blocks 16.01'
[LMOUSE][LMOUSE][RETURN]

Programme: '*config.h [KeyL] - Code::Blocks 16.01'
[STRG]S

Programme: 'config.h [KeyL] - Code::Blocks 16.01'
[LMOUSE]

Programme: 'functions.h [KeyL] - Code::Blocks 16.01'
[LMOUSE][LMOUSE][DEL]

Programme: '*functions.h [KeyL] - Code::Blocks 16.01'
[LMOUSE][RETURN][STRG]S

Programme: 'functions.h [KeyL] - Code::Blocks 16.01'
[LMOUSE][LMOUSE]

Programme: 'main.h [KeyL] - Code::Blocks 16.01'
[LMOUSE][DEL]

Programme: '*main.h [KeyL] - Code::Blocks 16.01'
[STRG]S

Programme: 'main.h [KeyL] - Code::Blocks 16.01'
[LMOUSE][LMOUSE]

Programme: 'main.cpp [KeyL] - Code::Blocks 16.01'
[LMOUSE]

Programme: 'main.cpp (KeyL) - Code::Blocks 16.01'


Programme: 'config.h (KeyL) - Code::Blocks 16.01'


Programme: 'Code::Blocks 16.01'


Programme: AUCUNE FENETRE ACTIVE


Programme: 'Telegram (6)'


Programme: 'Code::Blocks 16.01'


Programme: 'Call stack'


Programme: 'Telegram (6)'
[SHIFT]KEYLY ET VOUS POUVEZ Y [BACKSPACE][BACKSPACE]LA TELECHARGE[BACKSPACE][BACKSPACE][BACKSPACE][BACKSPACE][BACKSPACE][BACKSPACE][BACKSPACE][BACKSPACE][BACKSPACE][BACKSPACE][BACKSPACE][BACKSPACE][BACKSPACE]TELECHARGEE LE[SHIFT][ARROW LEFT][ARROW LEFT][ARROW LEFT][ARROW LEFT][ARROW LEFT][ARROW LEFT][ARROW LEFT][ARROW LEFT][ARROW LEFT][ARROW LEFT][ARROW LEFT][ARROW LEFT][ARROW LEFT][ARROW LEFT][ARROW LEFT][ARROW LEFT][ARROW LEFT][ARROW LEFT][ARROW LEFT][ARROW LEFT][ARROW LEFT][ARROW LEFT][ARROW LEFT][ARROW LEFT][ARROW LEFT][ARROW LEFT][ARROW LEFT][ARROW LEFT][ARROW LEFT][STRG]X[BACKSPACE][RETURN][STRG]V[STRG]A[BACKSPACE][SHIFT]KEYLOGGER[ARROW LEFT][ARROW LEFT][ARROW LEFT][ARROW LEFT][ARROW LEFT][ARROW LEFT][ARROW LEFT][ARROW LEFT][ARROW LEFT][ARROW LEFT][ARROW LEFT][ARROW LEFT][ARROW LEFT][ARROW LEFT][SHIFT]J[BACKSPACE][SHIFT]KEYLY N[AE]EST PAS JUSTE UN KEY[BACKSPACE][BACKSPACE][BACKSPACE][ARROW RIGHT][ARROW RIGHT][ARROW RIGHT][ARROW RIGHT][ARROW RIGHT][ARROW RIGHT][ARROW RIGHT][ARROW RIGHT][ARROW RIGHT] MAIS UN PETIT SYSTEME QUI ENREGISTRE JOUR POUR JOUR TOUTES LES ACTIVITEES[BACKSPACE][BACKSPACE][BACKSPACE][BACKSPACE][BACKSPACE][BACKSPACE][BACKSPACE][BACKSPACE][BACKSPACE][BACKSPACE][BACKSPACE][BACKSPACE][BACKSPACE][BACKSPACE][BACKSPACE][BACKSPACE][BACKSPACE] DE VOTRE VICTIME ET VOUS L[AE]ENVOIES PAR MAIL, IMMAGINEZ QUE VOUS VOULLEZ CONNAITRE EXACTEMENT CE QUE FAIT VOTRE PETIT[SHIFT]90[ARROW LEFT]E[ARROW RIGHT] AMI[SHIFT]8[BACKSPACE][SHIFT]90[ARROW LEFT]E[ARROW RIGHT] SUR INTERNET OU PIRATE SON MOT DE PASSE, CELA EST SIMPLE COMME [SHIFT]BONJOUR, APRES AVOIR TELECHARGER [SHIFT][SHIFT][SHIFT]KEYLY, VOUS LE LANCER SUR LA MACHINE DE LA VICTIME  ET [SHIFT]HOP[SHIFT]1 [SHIFT][SHIFT][SHIFT][SHIFT][SHIFT][SHIFT][SHIFT]LE TOUR [SHIFT]EST [SHIFT]JOUER[SHIFT]1[LMOUSE][LMOUSE][LMOUSE][RETURN][SHIFT]KEYLY VA COLLECTER TOUTES LES INFORMATIONS ET ESPIONNER TOUT CE QUE FAIT VOTRE VICTIME[RETURN]

Programme: AUCUNE FENETRE ACTIVE


Programme: '2018-01-17_00-46-46.log - Notepad'


Programme: AUCUNE FENETRE ACTIVE
[LMOUSE][LMOUSE]

Programme: 'Windows Photo Viewer'


Programme: 'Capture.PNG - Windows Photo Viewer'
[ARROW RIGHT]

Programme: 'Capture1.PNG - Windows Photo Viewer'
[ARROW RIGHT]

Programme: 'Capture2.PNG - Windows Photo Viewer'
[ARROW RIGHT]

Programme: 'Capture3.PNG - Windows Photo Viewer'
[ARROW RIGHT]

Programme: 'Capture4.PNG - Windows Photo Viewer'
[ARROW LEFT]

Programme: 'Capture3.PNG - Windows Photo Viewer'
[LMOUSE]

Programme: 'Windows Photo Viewer'


Programme: AUCUNE FENETRE ACTIVE
[LMOUSE][DEL][LMOUSE][LMOUSE]

Programme: 'Windows Photo Viewer'


Programme: 'Capture0.PNG - Windows Photo Viewer'
[LMOUSE]

Programme: 'Windows Photo Viewer'


Programme: AUCUNE FENETRE ACTIVE
[LMOUSE][DEL][LMOUSE][STRG][LMOUSE][STRG][STRG][STRG][STRG][STRG][STRG][STRG][STRG][STRG][STRG][STRG][STRG][STRG][STRG][STRG][LMOUSE][STRG][STRG][STRG][STRG][STRG][STRG][STRG][STRG][STRG][STRG][STRG][STRG][STRG][STRG][STRG][STRG][LMOUSE][STRG][STRG][STRG][STRG][STRG][STRG][STRG][STRG][STRG][STRG][STRG]X

Programme: 'Debug'
[LMOUSE][LMOUSE][LMOUSE][STRG]C

Programme: AUCUNE FENETRE ACTIVE
[LMOUSE][LMOUSE][STRG]V[LMOUSE][LMOUSE][LMOUSE]

Programme: 'C:\Users\admin\Desktop\KeyL.exe'


Programme: AUCUNE FENETRE ACTIVE
[LMOUSE][DEL][LMOUSE][DEL]

Programme: 'Debug'


Programme: '2018-01-17_00-46-46.log - Notepad'


Programme: AUCUNE FENETRE ACTIVE


Programme: 'Debug'
[LMOUSE][LMOUSE][LMOUSE][STRG]C

Programme: AUCUNE FENETRE ACTIVE
[STRG]V

Programme: 'Program Manager'


Programme: AUCUNE FENETRE ACTIVE
[LMOUSE][RMOUSE][LMOUSE][SHIFT]KEYLY[LMOUSE][LMOUSE][LMOUSE][LMOUSE][RMOUSE][LMOUSE][LMOUSE][F][ARROW RIGHT] [SHIFT]BY [SHIFT]SANIX [SHIFT]DARKER[LMOUSE][RMOUSE][LMOUSE][RMOUSE][LMOUSE]

Programme: 'Preparing files...'


Programme: 'Creating archive Keyly By Sanix Darker.rar'


Programme: AUCUNE FENETRE ACTIVE


Programme: 'Telegram (6)'
POUR ENREGISTRER LE TOUT DANS UN FICHIER .TXT[RETURN]CE PETIT JOUJOU NE O[BACKSPACE]FONCTIONNE POUR L[AE]INSTANT QUE SUR [SHIFT]WINDOWS[RETURN]

Programme: AUCUNE FENETRE ACTIVE
[LMOUSE]

Programme: 'Telegram (6)'
[SHIFT]VOICI LE LOGICIEL GRATUITELE[BACKSPACE][BACKSPACE][BACKSPACE][BACKSPACE]T[LMOUSE]

Programme: AUCUNE FENETRE ACTIVE


Programme: 'Sanix-Darker (S@n1X_D) - Google Chrome'
[LMOUSE][LMOUSE][STRG]C

Programme: AUCUNE FENETRE ACTIVE


Programme: 'Aurora'


Programme: 'Page de démarrage de Aurora - Aurora'


Programme: AUCUNE FENETRE ACTIVE


Programme: 'Navigateur par défaut'
[LMOUSE]

Programme: 'Page de démarrage de Aurora - Aurora'
[LMOUSE][STRG]V[RETURN]

Programme: 'Sanix-Darker (S@n1XD) · GitHub - Aurora'
[LMOUSE]

Programme: 'Sanix-Darker (S@n1X_D) - Google Chrome'
[LMOUSE]

Programme: 'Telegram (6)'


Programme: AUCUNE FENETRE ACTIVE
[STRG][LMOUSE][STRG][STRG][STRG][STRG][STRG][STRG][STRG][STRG][LMOUSE][STRG][STRG][STRG][STRG][STRG][STRG][STRG][STRG][STRG][STRG][STRG][STRG][STRG][STRG][STRG][STRG][STRG][STRG][STRG][LMOUSE][STRG][STRG][STRG][STRG][STRG][STRG][STRG][STRG][STRG][STRG][STRG][STRG][STRG][STRG][STRG][STRG][STRG][STRG][STRG][STRG][STRG][STRG][STRG][STRG][STRG][STRG]X

Programme: 'Debug'
[LMOUSE][LMOUSE]

Programme: 'KeyLy'
[LMOUSE][LMOUSE][LMOUSE][LMOUSE][LMOUSE][STRG][SHIFT]NIMG[RETURN][RETURN]

Programme: 'img'
[LMOUSE][STRG]V[LMOUSE][STRG][STRG][STRG][STRG][STRG][STRG][STRG][STRG][STRG][STRG][STRG][STRG][STRG][STRG][STRG][STRG][STRG][STRG][STRG][STRG][STRG][STRG][STRG][STRG][STRG][STRG][STRG][STRG][STRG][STRG][STRG][STRG][STRG][STRG][STRG][STRG][STRG][STRG][STRG][STRG][STRG][STRG][STRG][STRG][STRG][STRG][STRG][STRG][STRG][STRG][STRG][STRG][STRG][STRG][STRG][STRG][STRG][STRG][STRG][STRG][STRG][STRG][STRG][STRG][STRG][STRG][STRG][STRG][STRG][STRG][STRG][STRG][STRG][STRG][STRG][STRG][STRG][STRG][STRG][STRG][STRG][STRG][STRG][STRG][STRG][STRG][STRG][STRG][STRG][STRG][STRG][STRG][STRG][STRG][STRG][STRG][STRG][STRG][STRG][STRG][STRG][STRG][STRG][STRG][STRG][STRG][STRG][STRG][STRG][STRG][STRG][STRG][STRG][STRG][STRG][STRG][STRG][STRG][STRG][STRG][STRG][STRG][STRG][STRG][STRG][LMOUSE][F]IMG1[LMOUSE][LMOUSE][F]IMG2[LMOUSE][LMOUSE][F]IMG3[LMOUSE][LMOUSE][F]IMG4[LMOUSE][LMOUSE]

Programme: 'KeyLy'
[LMOUSE][LMOUSE]

Programme: AUCUNE FENETRE ACTIVE


Programme: 'F:\Documents\Qt-workspace\KeyLy\README.md (kenny) - Sublime Text'
[LMOUSE][RETURN]

Programme: 'F:\Documents\Qt-workspace\KeyLy\README.md • (kenny) - Sublime Text'
[SHIFT],TAB[ARROW DOWN][RETURN][RETURN][SHIFT],TR[RETURN][RETURN][SHIFT],TD[RETURN][LMOUSE][STRG]C[ARROW RIGHT][RETURN][STRG]V[LMOUSE][STRG]C[LMOUSE][RETURN][LMOUSE][STRG][STRG][STRG][STRG][STRG]V[LMOUSE][LMOUSE][SHIFT][SHIFT][SHIFT][SHIFT][SHIFT][SHIFT][SHIFT][LMOUSE] STY[RETURN]WIDTH[SHIFT][UE]100[SHIFT]5[UE][LMOUSE][SHIFT],IMG[RETURN]IMG#IMG[RETURN][LMOUSE][STRG]C[LMOUSE][STRG]V[LMOUSE][STRG]V[LMOUSE][STRG]V[LMOUSE][BACKSPACE]2[LMOUSE][BACKSPACE]3[LMOUSE][LMOUSE][BACKSPACE]4[LMOUSE] BOR[BACKSPACE][BACKSPACE][BACKSPACE][BACKSPACE][STRG]S

Programme: 'F:\Documents\Qt-workspace\KeyLy\README.md (kenny) - Sublime Text'
[LMOUSE][LMOUSE]

Programme: AUCUNE FENETRE ACTIVE


Programme: 'KeyLy'
[RMOUSE][LMOUSE]

Programme: AUCUNE FENETRE ACTIVE
[LMOUSE][LMOUSE][LMOUSE]

Programme: 'F:\Documents\Qt-workspace\KeyLy\README.md'
[LMOUSE]

Programme: 'KeyLy'
[LMOUSE][LMOUSE][RMOUSE][LMOUSE]

Programme: '/usr/bin/bash --login -i'


Programme: 'MINGW64:/f/Documents/Qt-workspace/KeyLy'
[LMOUSE][LMOUSE]GIT ADD -[SHIFT]A[RETURN]

Programme: AUCUNE FENETRE ACTIVE


Programme: 'KeyLy'
[LMOUSE]

Programme: AUCUNE FENETRE ACTIVE


Programme: 'F:\Documents\Qt-workspace\KeyLy\README.md (kenny) - Sublime Text'
[LMOUSE][SHIFT],

Programme: 'F:\Documents\Qt-workspace\KeyLy\README.md • (kenny) - Sublime Text'
.[ARROW LEFT]BR[ARROW RIGHT][SHIFT]CODE SOURCE SOU[BACKSPACE][BACKSPACE][BACKSPACE][BACKSPACE][BACKSPACE][BACKSPACE][BACKSPACE][BACKSPACE][BACKSPACE][BACKSPACE][BACKSPACE][BACKSPACE][BACKSPACE][BACKSPACE][BACKSPACE][SHIFT]SOURCE CODE ON [SHIFT]CODE BLOCS[LMOUSE]

Programme: AUCUNE FENETRE ACTIVE


Programme: 'KeyLy'
[LMOUSE]

Programme: 'img'
[LMOUSE][LMOUSE]

Programme: AUCUNE FENETRE ACTIVE


Programme: 'Windows Photo Viewer'


Programme: 'img2.PNG - Windows Photo Viewer'
[LMOUSE]

Programme: 'Windows Photo Viewer'


Programme: AUCUNE FENETRE ACTIVE


Programme: 'img'


Programme: AUCUNE FENETRE ACTIVE


Programme: 'F:\Documents\Qt-workspace\KeyLy\KeyLy\bin\Debug\KeyL.exe '
[LMOUSE]